<?xml version="1.0" encoding="UTF-8"?>
<testsuite name="MemoDisplayTest"
           tests="3"
           failures="0"
           errors="0"
           skipped="0"
           time="14.226">
  <properties />
  
  
            <testcase name="displayAddedCatMemo" time="4.130" classname="testcases.memo.MemoDisplayTest" />
                <testcase name="displayAllMemo" time="3.374" classname="testcases.memo.MemoDisplayTest" />
                <testcase name="displayMyMemo" time="6.722" classname="testcases.memo.MemoDisplayTest" />
      
</testsuite>
