<?xml version="1.0" encoding="UTF-8"?>
<testng-results skipped="0" failed="4" ignored="0" total="4" passed="0">
  <reporter-output>
    <line>
      <![CDATA[<a target="_blank" href="C:\Workspace\AppiumTesting\BlueStacks.BA.Poc\test-output\html\screenshots/02-Oct-2018__02_11_47PM.png">Screenshot Captured</a>]]>
    </line>
    <line>
      <![CDATA[<br><a target='_blank' href="C:\Workspace\AppiumTesting\BlueStacks.BA.Poc\test-output\html\screenshots/02-Oct-2018__02_11_47PM.png"><img height=200, width=200, src="C:\Workspace\AppiumTesting\BlueStacks.BA.Poc\test-output\html\screenshots/02-Oct-2018__02_11_47PM.png" alt=""/></img></a>]]>
    </line>
    <line>
      <![CDATA[<a target="_blank" href="C:\Workspace\AppiumTesting\BlueStacks.BA.Poc\test-output\html\screenshots/02-Oct-2018__02_12_20PM.png">Screenshot Captured</a>]]>
    </line>
    <line>
      <![CDATA[<br><a target='_blank' href="C:\Workspace\AppiumTesting\BlueStacks.BA.Poc\test-output\html\screenshots/02-Oct-2018__02_12_20PM.png"><img height=200, width=200, src="C:\Workspace\AppiumTesting\BlueStacks.BA.Poc\test-output\html\screenshots/02-Oct-2018__02_12_20PM.png" alt=""/></img></a>]]>
    </line>
    <line>
      <![CDATA[<a target="_blank" href="C:\Workspace\AppiumTesting\BlueStacks.BA.Poc\test-output\html\screenshots/02-Oct-2018__02_13_18PM.png">Screenshot Captured</a>]]>
    </line>
    <line>
      <![CDATA[<br><a target='_blank' href="C:\Workspace\AppiumTesting\BlueStacks.BA.Poc\test-output\html\screenshots/02-Oct-2018__02_13_18PM.png"><img height=200, width=200, src="C:\Workspace\AppiumTesting\BlueStacks.BA.Poc\test-output\html\screenshots/02-Oct-2018__02_13_18PM.png" alt=""/></img></a>]]>
    </line>
    <line>
      <![CDATA[<a target="_blank" href="C:\Workspace\AppiumTesting\BlueStacks.BA.Poc\test-output\html\screenshots/02-Oct-2018__02_14_33PM.png">Screenshot Captured</a>]]>
    </line>
    <line>
      <![CDATA[<br><a target='_blank' href="C:\Workspace\AppiumTesting\BlueStacks.BA.Poc\test-output\html\screenshots/02-Oct-2018__02_14_33PM.png"><img height=200, width=200, src="C:\Workspace\AppiumTesting\BlueStacks.BA.Poc\test-output\html\screenshots/02-Oct-2018__02_14_33PM.png" alt=""/></img></a>]]>
    </line>
  </reporter-output>
  <suite name="POC Test Suite Page Object Model with PageFactory" duration-ms="221744" started-at="2018-10-02T13:10:52Z" finished-at="2018-10-02T13:14:33Z">
    <groups>
    </groups>
    <test name="Test" duration-ms="221744" started-at="2018-10-02T13:10:52Z" finished-at="2018-10-02T13:14:33Z">
      <class name="testcases.ba.baPlanTripTest">
        <test-method status="PASS" signature="setUp()[pri:0, instance:testcases.ba.baPlanTripTest@7dc0f706]" name="setUp" is-config="true" duration-ms="32405" started-at="2018-10-02T13:10:19Z" finished-at="2018-10-02T13:10:52Z">
          <reporter-output>
          </reporter-output>
        </test-method> <!-- setUp -->
        <test-method status="PASS" signature="init()[pri:0, instance:testcases.ba.baPlanTripTest@7dc0f706]" name="init" is-config="true" duration-ms="159" started-at="2018-10-02T13:10:52Z" finished-at="2018-10-02T13:10:52Z">
          <reporter-output>
          </reporter-output>
        </test-method> <!-- init -->
        <test-method status="FAIL" signature="oneAdultOneChildRtn(org.testng.ITestContext)[pri:1, instance:testcases.ba.baPlanTripTest@7dc0f706]" name="oneAdultOneChildRtn" duration-ms="50479" started-at="2018-10-02T13:10:52Z" finished-at="2018-10-02T13:11:42Z">
          <params>
            <param index="0">
              <value>
                <![CDATA[org.testng.TestRunner@4c198dec]]>
              </value>
            </param>
          </params>
          <exception class="org.openqa.selenium.NoSuchElementException">
            <message>
              <![CDATA[Can't locate an element by this strategy: Locator map: 
- native content: "By.xpath: /hierarchy/android.widget.FrameLayout/android.widget.LinearLayout/android.widget.FrameLayout/android.widget.LinearLayout/android.widget.FrameLayout/android.widget.LinearLayout/android.widget.FrameLayout/android.support.v4.widget.DrawerLayout/android.widget.RelativeLayout/android.widget.LinearLayout/android.widget.ListView/android.widget.LinearLayout[2]/android.view.View/android.view.View[4]/android.widget.FrameLayout[1]/android.widget.TextView" 
- html content: "by id or name "hardCodedOutboundTravelDate""
For documentation on this error, please visit: http://seleniumhq.org/exceptions/no_such_element.html
Build info: version: '2.53.1', revision: 'a36b8b1cd5757287168e54b817830adce9b0158d', time: '2016-06-30 19:26:09'
System info: host: 'L1016967', ip: '172.19.179.166', os.name: 'Windows 7', os.arch: 'amd64', os.version: '6.1', java.version: '1.8.0_181'
Driver info: driver.version: unknown]]>
            </message>
            <full-stacktrace>
              <![CDATA[org.openqa.selenium.NoSuchElementException: Can't locate an element by this strategy: Locator map: 
- native content: "By.xpath: /hierarchy/android.widget.FrameLayout/android.widget.LinearLayout/android.widget.FrameLayout/android.widget.LinearLayout/android.widget.FrameLayout/android.widget.LinearLayout/android.widget.FrameLayout/android.support.v4.widget.DrawerLayout/android.widget.RelativeLayout/android.widget.LinearLayout/android.widget.ListView/android.widget.LinearLayout[2]/android.view.View/android.view.View[4]/android.widget.FrameLayout[1]/android.widget.TextView" 
- html content: "by id or name "hardCodedOutboundTravelDate""
For documentation on this error, please visit: http://seleniumhq.org/exceptions/no_such_element.html
Build info: version: '2.53.1', revision: 'a36b8b1cd5757287168e54b817830adce9b0158d', time: '2016-06-30 19:26:09'
System info: host: 'L1016967', ip: '172.19.179.166', os.name: 'Windows 7', os.arch: 'amd64', os.version: '6.1', java.version: '1.8.0_181'
Driver info: driver.version: unknown
at io.appium.java_client.pagefactory.AppiumElementLocator.findElement(AppiumElementLocator.java:110)
at io.appium.java_client.pagefactory.interceptors.InterceptorOfASingleElement.intercept(InterceptorOfASingleElement.java:57)
at io.appium.java_client.android.AndroidElement$$EnhancerByCGLIB$$c0b591f0.click(<generated>)
at screens.ba.BaTravelCalendarScreen.clickOutboundTravelDate(BaTravelCalendarScreen.java:44)
at screens.ba.BaTravelCalendarScreen.travelDate(BaTravelCalendarScreen.java:58)
at testcases.ba.baPlanTripTest.oneAdultOneChildRtn(baPlanTripTest.java:58)
at sun.reflect.NativeMethodAccessorImpl.invoke0(Native Method)
at sun.reflect.NativeMethodAccessorImpl.invoke(Unknown Source)
at sun.reflect.DelegatingMethodAccessorImpl.invoke(Unknown Source)
at java.lang.reflect.Method.invoke(Unknown Source)
at org.testng.internal.MethodInvocationHelper.invokeMethod(MethodInvocationHelper.java:124)
at org.testng.internal.Invoker.invokeMethod(Invoker.java:583)
at org.testng.internal.Invoker.invokeTestMethod(Invoker.java:719)
at org.testng.internal.Invoker.invokeTestMethods(Invoker.java:989)
at org.testng.internal.TestMethodWorker.invokeTestMethods(TestMethodWorker.java:125)
at org.testng.internal.TestMethodWorker.run(TestMethodWorker.java:109)
at org.testng.TestRunner.privateRun(TestRunner.java:648)
at org.testng.TestRunner.run(TestRunner.java:505)
at org.testng.SuiteRunner.runTest(SuiteRunner.java:455)
at org.testng.SuiteRunner.access$000(SuiteRunner.java:40)
at org.testng.SuiteRunner$SuiteWorker.run(SuiteRunner.java:489)
at org.testng.internal.thread.ThreadUtil$1.call(ThreadUtil.java:52)
at java.util.concurrent.FutureTask.run(Unknown Source)
at java.util.concurrent.ThreadPoolExecutor.runWorker(Unknown Source)
at java.util.concurrent.ThreadPoolExecutor$Worker.run(Unknown Source)
at java.lang.Thread.run(Unknown Source)
]]>
            </full-stacktrace>
          </exception> <!-- org.openqa.selenium.NoSuchElementException -->
          <reporter-output>
            <line>
              <![CDATA[<a target="_blank" href="C:\Workspace\AppiumTesting\BlueStacks.BA.Poc\test-output\html\screenshots/02-Oct-2018__02_11_47PM.png">Screenshot Captured</a>]]>
            </line>
            <line>
              <![CDATA[<br><a target='_blank' href="C:\Workspace\AppiumTesting\BlueStacks.BA.Poc\test-output\html\screenshots/02-Oct-2018__02_11_47PM.png"><img height=200, width=200, src="C:\Workspace\AppiumTesting\BlueStacks.BA.Poc\test-output\html\screenshots/02-Oct-2018__02_11_47PM.png" alt=""/></img></a>]]>
            </line>
          </reporter-output>
        </test-method> <!-- oneAdultOneChildRtn -->
        <test-method status="FAIL" signature="oneAdultOneWay(org.testng.ITestContext)[pri:2, instance:testcases.ba.baPlanTripTest@7dc0f706]" name="oneAdultOneWay" duration-ms="28778" started-at="2018-10-02T13:11:47Z" finished-at="2018-10-02T13:12:15Z">
          <params>
            <param index="0">
              <value>
                <![CDATA[org.testng.TestRunner@4c198dec]]>
              </value>
            </param>
          </params>
          <exception class="org.openqa.selenium.TimeoutException">
            <message>
              <![CDATA[Timed out after 25 seconds waiting for element to be clickable: By.id: com.ba.mobile:id/button1
Build info: version: '2.53.1', revision: 'a36b8b1cd5757287168e54b817830adce9b0158d', time: '2016-06-30 19:26:09'
System info: host: 'L1016967', ip: '172.19.179.166', os.name: 'Windows 7', os.arch: 'amd64', os.version: '6.1', java.version: '1.8.0_181'
Driver info: io.appium.java_client.android.AndroidDriver
Capabilities [{app=null, appPackage=com.ba.mobile, deviceScreenSize=1600x900, networkConnectionEnabled=true, warnings={}, databaseEnabled=false, deviceName=emulator-5554, platform=LINUX, deviceUDID=emulator-5554, appActivity=com.ba.mobile.activity.launch.LaunchActivity, desired={app=null, appPackage=com.ba.mobile, appActivity=com.ba.mobile.activity.launch.LaunchActivity, platformVersion=7.1.2, automationName=null, browserName=null, platformName=Android, deviceName=emulator-5554, unexpectedAlertBehaviour=true}, platformVersion=7.1.2, webStorageEnabled=false, locationContextEnabled=false, automationName=null, takesScreenshot=true, browserName=null, javascriptEnabled=true, deviceModel=SM-G950F, platformName=Android, deviceManufacturer=samsung, unexpectedAlertBehaviour=true}]
Session ID: 43acbcb4-9571-4810-8682-a28493d2142d]]>
            </message>
            <full-stacktrace>
              <![CDATA[org.openqa.selenium.TimeoutException: Timed out after 25 seconds waiting for element to be clickable: By.id: com.ba.mobile:id/button1
Build info: version: '2.53.1', revision: 'a36b8b1cd5757287168e54b817830adce9b0158d', time: '2016-06-30 19:26:09'
System info: host: 'L1016967', ip: '172.19.179.166', os.name: 'Windows 7', os.arch: 'amd64', os.version: '6.1', java.version: '1.8.0_181'
Driver info: io.appium.java_client.android.AndroidDriver
Capabilities [{app=null, appPackage=com.ba.mobile, deviceScreenSize=1600x900, networkConnectionEnabled=true, warnings={}, databaseEnabled=false, deviceName=emulator-5554, platform=LINUX, deviceUDID=emulator-5554, appActivity=com.ba.mobile.activity.launch.LaunchActivity, desired={app=null, appPackage=com.ba.mobile, appActivity=com.ba.mobile.activity.launch.LaunchActivity, platformVersion=7.1.2, automationName=null, browserName=null, platformName=Android, deviceName=emulator-5554, unexpectedAlertBehaviour=true}, platformVersion=7.1.2, webStorageEnabled=false, locationContextEnabled=false, automationName=null, takesScreenshot=true, browserName=null, javascriptEnabled=true, deviceModel=SM-G950F, platformName=Android, deviceManufacturer=samsung, unexpectedAlertBehaviour=true}]
Session ID: 43acbcb4-9571-4810-8682-a28493d2142d
at org.openqa.selenium.support.ui.WebDriverWait.timeoutException(WebDriverWait.java:80)
at org.openqa.selenium.support.ui.FluentWait.until(FluentWait.java:261)
at base.ScreenBase.waitforElementClickable(ScreenBase.java:36)
at screens.ba.BaHomeScreen.bookFlightBtn(BaHomeScreen.java:84)
at testcases.ba.baPlanTripTest.oneAdultOneWay(baPlanTripTest.java:79)
at sun.reflect.NativeMethodAccessorImpl.invoke0(Native Method)
at sun.reflect.NativeMethodAccessorImpl.invoke(Unknown Source)
at sun.reflect.DelegatingMethodAccessorImpl.invoke(Unknown Source)
at java.lang.reflect.Method.invoke(Unknown Source)
at org.testng.internal.MethodInvocationHelper.invokeMethod(MethodInvocationHelper.java:124)
at org.testng.internal.Invoker.invokeMethod(Invoker.java:583)
at org.testng.internal.Invoker.invokeTestMethod(Invoker.java:719)
at org.testng.internal.Invoker.invokeTestMethods(Invoker.java:989)
at org.testng.internal.TestMethodWorker.invokeTestMethods(TestMethodWorker.java:125)
at org.testng.internal.TestMethodWorker.run(TestMethodWorker.java:109)
at org.testng.TestRunner.privateRun(TestRunner.java:648)
at org.testng.TestRunner.run(TestRunner.java:505)
at org.testng.SuiteRunner.runTest(SuiteRunner.java:455)
at org.testng.SuiteRunner.access$000(SuiteRunner.java:40)
at org.testng.SuiteRunner$SuiteWorker.run(SuiteRunner.java:489)
at org.testng.internal.thread.ThreadUtil$1.call(ThreadUtil.java:52)
at java.util.concurrent.FutureTask.run(Unknown Source)
at java.util.concurrent.ThreadPoolExecutor.runWorker(Unknown Source)
at java.util.concurrent.ThreadPoolExecutor$Worker.run(Unknown Source)
at java.lang.Thread.run(Unknown Source)
Caused by: org.openqa.selenium.NoSuchElementException: An element could not be located on the page using the given search parameters. (WARNING: The server did not provide any stacktrace information)
Command duration or timeout: 5.30 seconds
For documentation on this error, please visit: http://seleniumhq.org/exceptions/no_such_element.html
Build info: version: '2.53.1', revision: 'a36b8b1cd5757287168e54b817830adce9b0158d', time: '2016-06-30 19:26:09'
System info: host: 'L1016967', ip: '172.19.179.166', os.name: 'Windows 7', os.arch: 'amd64', os.version: '6.1', java.version: '1.8.0_181'
Driver info: io.appium.java_client.android.AndroidDriver
Capabilities [{app=null, appPackage=com.ba.mobile, deviceScreenSize=1600x900, networkConnectionEnabled=true, warnings={}, databaseEnabled=false, deviceName=emulator-5554, platform=LINUX, deviceUDID=emulator-5554, appActivity=com.ba.mobile.activity.launch.LaunchActivity, desired={app=null, appPackage=com.ba.mobile, appActivity=com.ba.mobile.activity.launch.LaunchActivity, platformVersion=7.1.2, automationName=null, browserName=null, platformName=Android, deviceName=emulator-5554, unexpectedAlertBehaviour=true}, platformVersion=7.1.2, webStorageEnabled=false, locationContextEnabled=false, automationName=null, takesScreenshot=true, browserName=null, javascriptEnabled=true, deviceModel=SM-G950F, platformName=Android, deviceManufacturer=samsung, unexpectedAlertBehaviour=true}]
Session ID: 43acbcb4-9571-4810-8682-a28493d2142d
*** Element info: {Using=id, value=com.ba.mobile:id/button1}
at sun.reflect.NativeConstructorAccessorImpl.newInstance0(Native Method)
at sun.reflect.NativeConstructorAccessorImpl.newInstance(Unknown Source)
at sun.reflect.DelegatingConstructorAccessorImpl.newInstance(Unknown Source)
at java.lang.reflect.Constructor.newInstance(Unknown Source)
at org.openqa.selenium.remote.ErrorHandler.createThrowable(ErrorHandler.java:206)
at org.openqa.selenium.remote.ErrorHandler.throwIfResponseFailed(ErrorHandler.java:158)
at org.openqa.selenium.remote.RemoteWebDriver.execute(RemoteWebDriver.java:678)
at io.appium.java_client.DefaultGenericMobileDriver.execute(DefaultGenericMobileDriver.java:40)
at io.appium.java_client.AppiumDriver.execute(AppiumDriver.java:1)
at io.appium.java_client.android.AndroidDriver.execute(AndroidDriver.java:1)
at org.openqa.selenium.remote.RemoteWebDriver.findElement(RemoteWebDriver.java:363)
at io.appium.java_client.DefaultGenericMobileDriver.findElement(DefaultGenericMobileDriver.java:56)
at io.appium.java_client.AppiumDriver.findElement(AppiumDriver.java:1)
at io.appium.java_client.android.AndroidDriver.findElement(AndroidDriver.java:1)
at org.openqa.selenium.remote.RemoteWebDriver.findElementById(RemoteWebDriver.java:413)
at io.appium.java_client.DefaultGenericMobileDriver.findElementById(DefaultGenericMobileDriver.java:64)
at io.appium.java_client.AppiumDriver.findElementById(AppiumDriver.java:1)
at io.appium.java_client.android.AndroidDriver.findElementById(AndroidDriver.java:1)
at org.openqa.selenium.By$ById.findElement(By.java:218)
at org.openqa.selenium.remote.RemoteWebDriver.findElement(RemoteWebDriver.java:355)
at io.appium.java_client.DefaultGenericMobileDriver.findElement(DefaultGenericMobileDriver.java:52)
at io.appium.java_client.AppiumDriver.findElement(AppiumDriver.java:1)
at io.appium.java_client.android.AndroidDriver.findElement(AndroidDriver.java:1)
at org.openqa.selenium.support.ui.ExpectedConditions.findElement(ExpectedConditions.java:899)
at org.openqa.selenium.support.ui.ExpectedConditions.access$000(ExpectedConditions.java:41)
at org.openqa.selenium.support.ui.ExpectedConditions$7.apply(ExpectedConditions.java:205)
at org.openqa.selenium.support.ui.ExpectedConditions$7.apply(ExpectedConditions.java:201)
at org.openqa.selenium.support.ui.ExpectedConditions$22.apply(ExpectedConditions.java:653)
at org.openqa.selenium.support.ui.ExpectedConditions$22.apply(ExpectedConditions.java:646)
at org.openqa.selenium.support.ui.FluentWait.until(FluentWait.java:238)
... 23 more
]]>
            </full-stacktrace>
          </exception> <!-- org.openqa.selenium.TimeoutException -->
          <reporter-output>
            <line>
              <![CDATA[<a target="_blank" href="C:\Workspace\AppiumTesting\BlueStacks.BA.Poc\test-output\html\screenshots/02-Oct-2018__02_12_20PM.png">Screenshot Captured</a>]]>
            </line>
            <line>
              <![CDATA[<br><a target='_blank' href="C:\Workspace\AppiumTesting\BlueStacks.BA.Poc\test-output\html\screenshots/02-Oct-2018__02_12_20PM.png"><img height=200, width=200, src="C:\Workspace\AppiumTesting\BlueStacks.BA.Poc\test-output\html\screenshots/02-Oct-2018__02_12_20PM.png" alt=""/></img></a>]]>
            </line>
          </reporter-output>
        </test-method> <!-- oneAdultOneWay -->
        <test-method status="FAIL" signature="oneAdultRtn(org.testng.ITestContext)[pri:3, instance:testcases.ba.baPlanTripTest@7dc0f706]" name="oneAdultRtn" duration-ms="54925" started-at="2018-10-02T13:12:20Z" finished-at="2018-10-02T13:13:14Z">
          <params>
            <param index="0">
              <value>
                <![CDATA[org.testng.TestRunner@4c198dec]]>
              </value>
            </param>
          </params>
          <exception class="org.openqa.selenium.NoSuchElementException">
            <message>
              <![CDATA[Can't locate an element by this strategy: Locator map: 
- native content: "By.xpath: /hierarchy/android.widget.FrameLayout/android.widget.LinearLayout/android.widget.FrameLayout/android.widget.LinearLayout/android.widget.FrameLayout/android.widget.LinearLayout/android.widget.FrameLayout/android.support.v4.widget.DrawerLayout/android.widget.RelativeLayout/android.widget.LinearLayout/android.widget.ListView/android.widget.LinearLayout[2]/android.view.View/android.view.View[4]/android.widget.FrameLayout[1]/android.widget.TextView" 
- html content: "by id or name "hardCodedOutboundTravelDate""
For documentation on this error, please visit: http://seleniumhq.org/exceptions/no_such_element.html
Build info: version: '2.53.1', revision: 'a36b8b1cd5757287168e54b817830adce9b0158d', time: '2016-06-30 19:26:09'
System info: host: 'L1016967', ip: '172.19.179.166', os.name: 'Windows 7', os.arch: 'amd64', os.version: '6.1', java.version: '1.8.0_181'
Driver info: driver.version: unknown]]>
            </message>
            <full-stacktrace>
              <![CDATA[org.openqa.selenium.NoSuchElementException: Can't locate an element by this strategy: Locator map: 
- native content: "By.xpath: /hierarchy/android.widget.FrameLayout/android.widget.LinearLayout/android.widget.FrameLayout/android.widget.LinearLayout/android.widget.FrameLayout/android.widget.LinearLayout/android.widget.FrameLayout/android.support.v4.widget.DrawerLayout/android.widget.RelativeLayout/android.widget.LinearLayout/android.widget.ListView/android.widget.LinearLayout[2]/android.view.View/android.view.View[4]/android.widget.FrameLayout[1]/android.widget.TextView" 
- html content: "by id or name "hardCodedOutboundTravelDate""
For documentation on this error, please visit: http://seleniumhq.org/exceptions/no_such_element.html
Build info: version: '2.53.1', revision: 'a36b8b1cd5757287168e54b817830adce9b0158d', time: '2016-06-30 19:26:09'
System info: host: 'L1016967', ip: '172.19.179.166', os.name: 'Windows 7', os.arch: 'amd64', os.version: '6.1', java.version: '1.8.0_181'
Driver info: driver.version: unknown
at io.appium.java_client.pagefactory.AppiumElementLocator.findElement(AppiumElementLocator.java:110)
at io.appium.java_client.pagefactory.interceptors.InterceptorOfASingleElement.intercept(InterceptorOfASingleElement.java:57)
at io.appium.java_client.android.AndroidElement$$EnhancerByCGLIB$$c0b591f0.click(<generated>)
at screens.ba.BaTravelCalendarScreen.clickOutboundTravelDate(BaTravelCalendarScreen.java:44)
at screens.ba.BaTravelCalendarScreen.travelDate(BaTravelCalendarScreen.java:58)
at testcases.ba.baPlanTripTest.oneAdultRtn(baPlanTripTest.java:108)
at sun.reflect.NativeMethodAccessorImpl.invoke0(Native Method)
at sun.reflect.NativeMethodAccessorImpl.invoke(Unknown Source)
at sun.reflect.DelegatingMethodAccessorImpl.invoke(Unknown Source)
at java.lang.reflect.Method.invoke(Unknown Source)
at org.testng.internal.MethodInvocationHelper.invokeMethod(MethodInvocationHelper.java:124)
at org.testng.internal.Invoker.invokeMethod(Invoker.java:583)
at org.testng.internal.Invoker.invokeTestMethod(Invoker.java:719)
at org.testng.internal.Invoker.invokeTestMethods(Invoker.java:989)
at org.testng.internal.TestMethodWorker.invokeTestMethods(TestMethodWorker.java:125)
at org.testng.internal.TestMethodWorker.run(TestMethodWorker.java:109)
at org.testng.TestRunner.privateRun(TestRunner.java:648)
at org.testng.TestRunner.run(TestRunner.java:505)
at org.testng.SuiteRunner.runTest(SuiteRunner.java:455)
at org.testng.SuiteRunner.access$000(SuiteRunner.java:40)
at org.testng.SuiteRunner$SuiteWorker.run(SuiteRunner.java:489)
at org.testng.internal.thread.ThreadUtil$1.call(ThreadUtil.java:52)
at java.util.concurrent.FutureTask.run(Unknown Source)
at java.util.concurrent.ThreadPoolExecutor.runWorker(Unknown Source)
at java.util.concurrent.ThreadPoolExecutor$Worker.run(Unknown Source)
at java.lang.Thread.run(Unknown Source)
]]>
            </full-stacktrace>
          </exception> <!-- org.openqa.selenium.NoSuchElementException -->
          <reporter-output>
            <line>
              <![CDATA[<a target="_blank" href="C:\Workspace\AppiumTesting\BlueStacks.BA.Poc\test-output\html\screenshots/02-Oct-2018__02_13_18PM.png">Screenshot Captured</a>]]>
            </line>
            <line>
              <![CDATA[<br><a target='_blank' href="C:\Workspace\AppiumTesting\BlueStacks.BA.Poc\test-output\html\screenshots/02-Oct-2018__02_13_18PM.png"><img height=200, width=200, src="C:\Workspace\AppiumTesting\BlueStacks.BA.Poc\test-output\html\screenshots/02-Oct-2018__02_13_18PM.png" alt=""/></img></a>]]>
            </line>
          </reporter-output>
        </test-method> <!-- oneAdultRtn -->
        <test-method status="FAIL" signature="failureScenario(org.testng.ITestContext)[pri:4, instance:testcases.ba.baPlanTripTest@7dc0f706]" name="failureScenario" duration-ms="71340" started-at="2018-10-02T13:13:18Z" finished-at="2018-10-02T13:14:30Z">
          <params>
            <param index="0">
              <value>
                <![CDATA[org.testng.TestRunner@4c198dec]]>
              </value>
            </param>
          </params>
          <exception class="org.openqa.selenium.NoSuchElementException">
            <message>
              <![CDATA[Can't locate an element by this strategy: Locator map: 
- native content: "By.id: com.ba.mobile:id/airportName" 
- html content: "by id or name "acceptAirportEntered""
For documentation on this error, please visit: http://seleniumhq.org/exceptions/no_such_element.html
Build info: version: '2.53.1', revision: 'a36b8b1cd5757287168e54b817830adce9b0158d', time: '2016-06-30 19:26:09'
System info: host: 'L1016967', ip: '172.19.179.166', os.name: 'Windows 7', os.arch: 'amd64', os.version: '6.1', java.version: '1.8.0_181'
Driver info: driver.version: unknown]]>
            </message>
            <full-stacktrace>
              <![CDATA[org.openqa.selenium.NoSuchElementException: Can't locate an element by this strategy: Locator map: 
- native content: "By.id: com.ba.mobile:id/airportName" 
- html content: "by id or name "acceptAirportEntered""
For documentation on this error, please visit: http://seleniumhq.org/exceptions/no_such_element.html
Build info: version: '2.53.1', revision: 'a36b8b1cd5757287168e54b817830adce9b0158d', time: '2016-06-30 19:26:09'
System info: host: 'L1016967', ip: '172.19.179.166', os.name: 'Windows 7', os.arch: 'amd64', os.version: '6.1', java.version: '1.8.0_181'
Driver info: driver.version: unknown
at io.appium.java_client.pagefactory.AppiumElementLocator.findElement(AppiumElementLocator.java:110)
at io.appium.java_client.pagefactory.interceptors.InterceptorOfASingleElement.intercept(InterceptorOfASingleElement.java:57)
at io.appium.java_client.android.AndroidElement$$EnhancerByCGLIB$$c0b591f0.click(<generated>)
at screens.ba.BaAirportScreen.acceptAirportEntered(BaAirportScreen.java:61)
at screens.ba.BaAirportScreen.arrivalFlight(BaAirportScreen.java:79)
at testcases.ba.baPlanTripTest.failureScenario(baPlanTripTest.java:131)
at sun.reflect.NativeMethodAccessorImpl.invoke0(Native Method)
at sun.reflect.NativeMethodAccessorImpl.invoke(Unknown Source)
at sun.reflect.DelegatingMethodAccessorImpl.invoke(Unknown Source)
at java.lang.reflect.Method.invoke(Unknown Source)
at org.testng.internal.MethodInvocationHelper.invokeMethod(MethodInvocationHelper.java:124)
at org.testng.internal.Invoker.invokeMethod(Invoker.java:583)
at org.testng.internal.Invoker.invokeTestMethod(Invoker.java:719)
at org.testng.internal.Invoker.invokeTestMethods(Invoker.java:989)
at org.testng.internal.TestMethodWorker.invokeTestMethods(TestMethodWorker.java:125)
at org.testng.internal.TestMethodWorker.run(TestMethodWorker.java:109)
at org.testng.TestRunner.privateRun(TestRunner.java:648)
at org.testng.TestRunner.run(TestRunner.java:505)
at org.testng.SuiteRunner.runTest(SuiteRunner.java:455)
at org.testng.SuiteRunner.access$000(SuiteRunner.java:40)
at org.testng.SuiteRunner$SuiteWorker.run(SuiteRunner.java:489)
at org.testng.internal.thread.ThreadUtil$1.call(ThreadUtil.java:52)
at java.util.concurrent.FutureTask.run(Unknown Source)
at java.util.concurrent.ThreadPoolExecutor.runWorker(Unknown Source)
at java.util.concurrent.ThreadPoolExecutor$Worker.run(Unknown Source)
at java.lang.Thread.run(Unknown Source)
]]>
            </full-stacktrace>
          </exception> <!-- org.openqa.selenium.NoSuchElementException -->
          <reporter-output>
            <line>
              <![CDATA[<a target="_blank" href="C:\Workspace\AppiumTesting\BlueStacks.BA.Poc\test-output\html\screenshots/02-Oct-2018__02_14_33PM.png">Screenshot Captured</a>]]>
            </line>
            <line>
              <![CDATA[<br><a target='_blank' href="C:\Workspace\AppiumTesting\BlueStacks.BA.Poc\test-output\html\screenshots/02-Oct-2018__02_14_33PM.png"><img height=200, width=200, src="C:\Workspace\AppiumTesting\BlueStacks.BA.Poc\test-output\html\screenshots/02-Oct-2018__02_14_33PM.png" alt=""/></img></a>]]>
            </line>
          </reporter-output>
        </test-method> <!-- failureScenario -->
        <test-method status="PASS" signature="tearDown()[pri:0, instance:testcases.ba.baPlanTripTest@7dc0f706]" name="tearDown" is-config="true" duration-ms="9355" started-at="2018-10-02T13:14:33Z" finished-at="2018-10-02T13:14:43Z">
          <reporter-output>
          </reporter-output>
        </test-method> <!-- tearDown -->
      </class> <!-- testcases.ba.baPlanTripTest -->
    </test> <!-- Test -->
  </suite> <!-- POC Test Suite Page Object Model with PageFactory -->
</testng-results>
