<?xml version="1.0" encoding="UTF-8"?>
<!-- Generated by org.testng.reporters.JUnitXMLReporter -->
<testsuite hostname="L1016967" ignored="0" name="CategoryMemoCreateTest" tests="2" failures="0" timestamp="30 Aug 2018 14:55:59 GMT" time="53.854" errors="0">
  <testcase name="createNewCategory" time="20.539" classname="testcases.memo.CategoryMemoCreateTest"/>
  <testcase name="addMemoToCategory" time="33.307" classname="testcases.memo.CategoryMemoCreateTest"/>
</testsuite> <!-- CategoryMemoCreateTest -->
