<?xml version="1.0" encoding="UTF-8"?>
<!-- Generated by org.testng.reporters.JUnitXMLReporter -->
<testsuite hostname="L1016967" ignored="0" name="MemoEditTest" tests="2" failures="2" timestamp="30 Aug 2018 14:57:33 GMT" time="79.507" errors="0">
  <testcase name="insertImageToMyMemoFromGallery" time="57.722" classname="testcases.memo.MemoEditTest">
    <failure type="org.openqa.selenium.TimeoutException" message="Timed out after 30 seconds waiting for presence of element located by: By.id: com.samsung.android.app.memo:id/mitem_done
Build info: version: &amp;apos;2.53.1&amp;apos;, revision: &amp;apos;a36b8b1cd5757287168e54b817830adce9b0158d&amp;apos;, time: &amp;apos;2016-06-30 19:26:09&amp;apos;
System info: host: &amp;apos;L1016967&amp;apos;, ip: &amp;apos;172.19.254.97&amp;apos;, os.name: &amp;apos;Windows 7&amp;apos;, os.arch: &amp;apos;amd64&amp;apos;, os.version: &amp;apos;6.1&amp;apos;, java.version: &amp;apos;1.8.0_152&amp;apos;
Driver info: io.appium.java_client.android.AndroidDriver
Capabilities [{app=null, appPackage=com.samsung.android.app.memo, deviceScreenSize=1080x1920, networkConnectionEnabled=true, warnings={}, databaseEnabled=false, deviceName=a9544d10, platform=LINUX, deviceUDID=a9544d10, appActivity=com.samsung.android.app.memo.Main, desired={app=null, appPackage=com.samsung.android.app.memo, appActivity=com.samsung.android.app.memo.Main, platformVersion=6.0.1, automationName=null, browserName=null, platformName=Android, deviceName=Samsung Galaxy S5}, platformVersion=6.0.1, webStorageEnabled=false, locationContextEnabled=false, automationName=null, takesScreenshot=true, browserName=null, javascriptEnabled=true, deviceModel=SM-G900F, platformName=Android, deviceManufacturer=samsung}]
Session ID: e4d1efac-73ee-481b-b07f-5b5c2b61e588">
      <![CDATA[org.openqa.selenium.TimeoutException: Timed out after 30 seconds waiting for presence of element located by: By.id: com.samsung.android.app.memo:id/mitem_doneBuild info: version: '2.53.1', revision: 'a36b8b1cd5757287168e54b817830adce9b0158d', time: '2016-06-30 19:26:09'System info: host: 'L1016967', ip: '172.19.254.97', os.name: 'Windows 7', os.arch: 'amd64', os.version: '6.1', java.version: '1.8.0_152'Driver info: io.appium.java_client.android.AndroidDriverCapabilities [{app=null, appPackage=com.samsung.android.app.memo, deviceScreenSize=1080x1920, networkConnectionEnabled=true, warnings={}, databaseEnabled=false, deviceName=a9544d10, platform=LINUX, deviceUDID=a9544d10, appActivity=com.samsung.android.app.memo.Main, desired={app=null, appPackage=com.samsung.android.app.memo, appActivity=com.samsung.android.app.memo.Main, platformVersion=6.0.1, automationName=null, browserName=null, platformName=Android, deviceName=Samsung Galaxy S5}, platformVersion=6.0.1, webStorageEnabled=false, locationContextEnabled=false, automationName=null, takesScreenshot=true, browserName=null, javascriptEnabled=true, deviceModel=SM-G900F, platformName=Android, deviceManufacturer=samsung}]Session ID: e4d1efac-73ee-481b-b07f-5b5c2b61e588at org.openqa.selenium.support.ui.WebDriverWait.timeoutException(WebDriverWait.java:80)at org.openqa.selenium.support.ui.FluentWait.until(FluentWait.java:261)at base.ScreenBase.waitforElement(ScreenBase.java:22)at screens.memo.MemoScreen.insertImageFromGalleryMemo(MemoScreen.java:180)at testcases.memo.MemoEditTest.insertImageToMyMemoFromGallery(MemoEditTest.java:37)Caused by: org.openqa.selenium.NoSuchElementException: An element could not be located on the page using the given search parameters. (WARNING: The server did not provide any stacktrace information)Command duration or timeout: 5.60 secondsFor documentation on this error, please visit: http://seleniumhq.org/exceptions/no_such_element.htmlBuild info: version: '2.53.1', revision: 'a36b8b1cd5757287168e54b817830adce9b0158d', time: '2016-06-30 19:26:09'System info: host: 'L1016967', ip: '172.19.254.97', os.name: 'Windows 7', os.arch: 'amd64', os.version: '6.1', java.version: '1.8.0_152'Driver info: io.appium.java_client.android.AndroidDriverCapabilities [{app=null, appPackage=com.samsung.android.app.memo, deviceScreenSize=1080x1920, networkConnectionEnabled=true, warnings={}, databaseEnabled=false, deviceName=a9544d10, platform=LINUX, deviceUDID=a9544d10, appActivity=com.samsung.android.app.memo.Main, desired={app=null, appPackage=com.samsung.android.app.memo, appActivity=com.samsung.android.app.memo.Main, platformVersion=6.0.1, automationName=null, browserName=null, platformName=Android, deviceName=Samsung Galaxy S5}, platformVersion=6.0.1, webStorageEnabled=false, locationContextEnabled=false, automationName=null, takesScreenshot=true, browserName=null, javascriptEnabled=true, deviceModel=SM-G900F, platformName=Android, deviceManufacturer=samsung}]Session ID: e4d1efac-73ee-481b-b07f-5b5c2b61e588*** Element info: {Using=id, value=com.samsung.android.app.memo:id/mitem_done}at org.openqa.selenium.remote.ErrorHandler.createThrowable(ErrorHandler.java:206)at org.openqa.selenium.remote.ErrorHandler.throwIfResponseFailed(ErrorHandler.java:158)at org.openqa.selenium.remote.RemoteWebDriver.execute(RemoteWebDriver.java:678)at io.appium.java_client.DefaultGenericMobileDriver.execute(DefaultGenericMobileDriver.java:40)at io.appium.java_client.AppiumDriver.execute(AppiumDriver.java:1)at io.appium.java_client.android.AndroidDriver.execute(AndroidDriver.java:1)at org.openqa.selenium.remote.RemoteWebDriver.findElement(RemoteWebDriver.java:363)at io.appium.java_client.DefaultGenericMobileDriver.findElement(DefaultGenericMobileDriver.java:56)at io.appium.java_client.AppiumDriver.findElement(AppiumDriver.java:1)at io.appium.java_client.android.AndroidDriver.findElement(AndroidDriver.java:1)at org.openqa.selenium.remote.RemoteWebDriver.findElementById(RemoteWebDriver.java:413)at io.appium.java_client.DefaultGenericMobileDriver.findElementById(DefaultGenericMobileDriver.java:64)at io.appium.java_client.AppiumDriver.findElementById(AppiumDriver.java:1)at io.appium.java_client.android.AndroidDriver.findElementById(AndroidDriver.java:1)at org.openqa.selenium.By$ById.findElement(By.java:218)at org.openqa.selenium.remote.RemoteWebDriver.findElement(RemoteWebDriver.java:355)at io.appium.java_client.DefaultGenericMobileDriver.findElement(DefaultGenericMobileDriver.java:52)at io.appium.java_client.AppiumDriver.findElement(AppiumDriver.java:1)at io.appium.java_client.android.AndroidDriver.findElement(AndroidDriver.java:1)at org.openqa.selenium.support.ui.ExpectedConditions.findElement(ExpectedConditions.java:899)at org.openqa.selenium.support.ui.ExpectedConditions.access$000(ExpectedConditions.java:41)at org.openqa.selenium.support.ui.ExpectedConditions$6.apply(ExpectedConditions.java:181)at org.openqa.selenium.support.ui.ExpectedConditions$6.apply(ExpectedConditions.java:178)at org.openqa.selenium.support.ui.FluentWait.until(FluentWait.java:238)... 28 more... Removed 29 stack frames]]>
    </failure>
  </testcase> <!-- insertImageToMyMemoFromGallery -->
  <testcase name="insertImageToCatMemoFromCamera" time="15.361" classname="testcases.memo.MemoEditTest">
    <failure type="org.openqa.selenium.NoSuchElementException" message="Can&amp;apos;t locate an element by this strategy: Locator map: 
- native content: &amp;quot;By.id: com.samsung.android.app.memo:id/category_item&amp;quot; 
- html content: &amp;quot;by id or name &amp;quot;addedCatMemo&amp;quot;&amp;quot;
For documentation on this error, please visit: http://seleniumhq.org/exceptions/no_such_element.html
Build info: version: &amp;apos;2.53.1&amp;apos;, revision: &amp;apos;a36b8b1cd5757287168e54b817830adce9b0158d&amp;apos;, time: &amp;apos;2016-06-30 19:26:09&amp;apos;
System info: host: &amp;apos;L1016967&amp;apos;, ip: &amp;apos;172.19.254.97&amp;apos;, os.name: &amp;apos;Windows 7&amp;apos;, os.arch: &amp;apos;amd64&amp;apos;, os.version: &amp;apos;6.1&amp;apos;, java.version: &amp;apos;1.8.0_152&amp;apos;
Driver info: driver.version: unknown">
      <![CDATA[org.openqa.selenium.NoSuchElementException: Can't locate an element by this strategy: Locator map: - native content: "By.id: com.samsung.android.app.memo:id/category_item" - html content: "by id or name "addedCatMemo""For documentation on this error, please visit: http://seleniumhq.org/exceptions/no_such_element.htmlBuild info: version: '2.53.1', revision: 'a36b8b1cd5757287168e54b817830adce9b0158d', time: '2016-06-30 19:26:09'System info: host: 'L1016967', ip: '172.19.254.97', os.name: 'Windows 7', os.arch: 'amd64', os.version: '6.1', java.version: '1.8.0_152'Driver info: driver.version: unknownat io.appium.java_client.pagefactory.AppiumElementLocator.findElement(AppiumElementLocator.java:110)at io.appium.java_client.pagefactory.interceptors.InterceptorOfASingleElement.intercept(InterceptorOfASingleElement.java:57)at io.appium.java_client.android.AndroidElement$$EnhancerByCGLIB$$c0b591f0.click(<generated>)at screens.memo.ManageCategoryScreen.displayAddedCatMemo(ManageCategoryScreen.java:95)at testcases.memo.MemoEditTest.insertImageToCatMemoFromCamera(MemoEditTest.java:48)... Removed 25 stack frames]]>
    </failure>
  </testcase> <!-- insertImageToCatMemoFromCamera -->
</testsuite> <!-- MemoEditTest -->
