<?xml version="1.0" encoding="UTF-8"?>
<!-- Generated by org.testng.reporters.JUnitXMLReporter -->
<testsuite hostname="L1016967" ignored="0" name="MemoDisplayTest" tests="3" failures="0" timestamp="30 Aug 2018 14:56:13 GMT" time="14.232" errors="0">
  <testcase name="displayMyMemo" time="6.722" classname="testcases.memo.MemoDisplayTest"/>
  <testcase name="displayAddedCatMemo" time="4.13" classname="testcases.memo.MemoDisplayTest"/>
  <testcase name="displayAllMemo" time="3.374" classname="testcases.memo.MemoDisplayTest"/>
</testsuite> <!-- MemoDisplayTest -->
