<?xml version="1.0" encoding="UTF-8"?>
<!-- Generated by org.testng.reporters.JUnitXMLReporter -->
<testsuite hostname="L1016967" ignored="0" name="Test" tests="2" failures="2" timestamp="01 Oct 2018 14:55:10 GMT" time="249.698" errors="0">
  <testcase name="oneAdultOneChildRtn" time="198.109" classname="testcases.ba.baPlanTripTest">
    <failure type="org.openqa.selenium.NoSuchElementException" message="Can&amp;apos;t locate an element by this strategy: Locator map: 
- native content: &amp;quot;By.id: com.ba.mobile:id/lastNameEdit&amp;quot; 
- html content: &amp;quot;by id or name &amp;quot;lastName&amp;quot;&amp;quot;
For documentation on this error, please visit: http://seleniumhq.org/exceptions/no_such_element.html
Build info: version: &amp;apos;2.53.1&amp;apos;, revision: &amp;apos;a36b8b1cd5757287168e54b817830adce9b0158d&amp;apos;, time: &amp;apos;2016-06-30 19:26:09&amp;apos;
System info: host: &amp;apos;L1016967&amp;apos;, ip: &amp;apos;172.19.172.120&amp;apos;, os.name: &amp;apos;Windows 7&amp;apos;, os.arch: &amp;apos;amd64&amp;apos;, os.version: &amp;apos;6.1&amp;apos;, java.version: &amp;apos;1.8.0_181&amp;apos;
Driver info: driver.version: unknown">
      <![CDATA[org.openqa.selenium.NoSuchElementException: Can't locate an element by this strategy: Locator map: - native content: "By.id: com.ba.mobile:id/lastNameEdit" - html content: "by id or name "lastName""For documentation on this error, please visit: http://seleniumhq.org/exceptions/no_such_element.htmlBuild info: version: '2.53.1', revision: 'a36b8b1cd5757287168e54b817830adce9b0158d', time: '2016-06-30 19:26:09'System info: host: 'L1016967', ip: '172.19.172.120', os.name: 'Windows 7', os.arch: 'amd64', os.version: '6.1', java.version: '1.8.0_181'Driver info: driver.version: unknownat io.appium.java_client.pagefactory.AppiumElementLocator.findElement(AppiumElementLocator.java:110)at io.appium.java_client.pagefactory.interceptors.InterceptorOfASingleElement.intercept(InterceptorOfASingleElement.java:57)at io.appium.java_client.android.AndroidElement$$EnhancerByCGLIB$$c0b591f0.click(<generated>)at screens.ba.BaPassengerDetailScreen.inputLastName(BaPassengerDetailScreen.java:127)at screens.ba.BaPassengerDetailScreen.addPassengerDetails(BaPassengerDetailScreen.java:214)at screens.ba.BaPassengerDetailScreen.addChildPassengerCountDetails(BaPassengerDetailScreen.java:281)at testcases.ba.baPlanTripTest.oneAdultOneChildRtn(baPlanTripTest.java:68)... Removed 25 stack frames]]>
    </failure>
  </testcase> <!-- oneAdultOneChildRtn -->
  <testcase name="oneAdultOneWay" time="34.777" classname="testcases.ba.baPlanTripTest">
    <failure type="org.openqa.selenium.TimeoutException" message="Timed out after 25 seconds waiting for element to be clickable: By.id: com.ba.mobile:id/button1
Build info: version: &amp;apos;2.53.1&amp;apos;, revision: &amp;apos;a36b8b1cd5757287168e54b817830adce9b0158d&amp;apos;, time: &amp;apos;2016-06-30 19:26:09&amp;apos;
System info: host: &amp;apos;L1016967&amp;apos;, ip: &amp;apos;172.19.172.120&amp;apos;, os.name: &amp;apos;Windows 7&amp;apos;, os.arch: &amp;apos;amd64&amp;apos;, os.version: &amp;apos;6.1&amp;apos;, java.version: &amp;apos;1.8.0_181&amp;apos;
Driver info: io.appium.java_client.android.AndroidDriver
Capabilities [{app=null, appPackage=com.ba.mobile, deviceScreenSize=1080x1920, networkConnectionEnabled=true, warnings={}, databaseEnabled=false, deviceName=127.0.0.1:62001, platform=LINUX, deviceUDID=127.0.0.1:62001, appActivity=com.ba.mobile.activity.launch.LaunchActivity, desired={app=null, appPackage=com.ba.mobile, appActivity=com.ba.mobile.activity.launch.LaunchActivity, platformVersion=4.4.2, automationName=null, browserName=null, platformName=Android, deviceName=samsung-nexus-127.0.0.1:62001, unexpectedAlertBehaviour=true}, platformVersion=4.4.2, webStorageEnabled=false, locationContextEnabled=false, automationName=null, takesScreenshot=true, browserName=null, javascriptEnabled=true, deviceModel=SM-G955U, platformName=Android, deviceManufacturer=samsung, unexpectedAlertBehaviour=true}]
Session ID: 4a9a06a2-5d40-47dd-93a2-eed17fcbec88">
      <![CDATA[org.openqa.selenium.TimeoutException: Timed out after 25 seconds waiting for element to be clickable: By.id: com.ba.mobile:id/button1Build info: version: '2.53.1', revision: 'a36b8b1cd5757287168e54b817830adce9b0158d', time: '2016-06-30 19:26:09'System info: host: 'L1016967', ip: '172.19.172.120', os.name: 'Windows 7', os.arch: 'amd64', os.version: '6.1', java.version: '1.8.0_181'Driver info: io.appium.java_client.android.AndroidDriverCapabilities [{app=null, appPackage=com.ba.mobile, deviceScreenSize=1080x1920, networkConnectionEnabled=true, warnings={}, databaseEnabled=false, deviceName=127.0.0.1:62001, platform=LINUX, deviceUDID=127.0.0.1:62001, appActivity=com.ba.mobile.activity.launch.LaunchActivity, desired={app=null, appPackage=com.ba.mobile, appActivity=com.ba.mobile.activity.launch.LaunchActivity, platformVersion=4.4.2, automationName=null, browserName=null, platformName=Android, deviceName=samsung-nexus-127.0.0.1:62001, unexpectedAlertBehaviour=true}, platformVersion=4.4.2, webStorageEnabled=false, locationContextEnabled=false, automationName=null, takesScreenshot=true, browserName=null, javascriptEnabled=true, deviceModel=SM-G955U, platformName=Android, deviceManufacturer=samsung, unexpectedAlertBehaviour=true}]Session ID: 4a9a06a2-5d40-47dd-93a2-eed17fcbec88at org.openqa.selenium.support.ui.WebDriverWait.timeoutException(WebDriverWait.java:80)at org.openqa.selenium.support.ui.FluentWait.until(FluentWait.java:261)at base.ScreenBase.waitforElementClickable(ScreenBase.java:36)at screens.ba.BaHomeScreen.bookFlightBtn(BaHomeScreen.java:84)at testcases.ba.baPlanTripTest.oneAdultOneWay(baPlanTripTest.java:80)Caused by: org.openqa.selenium.NoSuchElementException: An element could not be located on the page using the given search parameters. (WARNING: The server did not provide any stacktrace information)Command duration or timeout: 5.43 secondsFor documentation on this error, please visit: http://seleniumhq.org/exceptions/no_such_element.htmlBuild info: version: '2.53.1', revision: 'a36b8b1cd5757287168e54b817830adce9b0158d', time: '2016-06-30 19:26:09'System info: host: 'L1016967', ip: '172.19.172.120', os.name: 'Windows 7', os.arch: 'amd64', os.version: '6.1', java.version: '1.8.0_181'Driver info: io.appium.java_client.android.AndroidDriverCapabilities [{app=null, appPackage=com.ba.mobile, deviceScreenSize=1080x1920, networkConnectionEnabled=true, warnings={}, databaseEnabled=false, deviceName=127.0.0.1:62001, platform=LINUX, deviceUDID=127.0.0.1:62001, appActivity=com.ba.mobile.activity.launch.LaunchActivity, desired={app=null, appPackage=com.ba.mobile, appActivity=com.ba.mobile.activity.launch.LaunchActivity, platformVersion=4.4.2, automationName=null, browserName=null, platformName=Android, deviceName=samsung-nexus-127.0.0.1:62001, unexpectedAlertBehaviour=true}, platformVersion=4.4.2, webStorageEnabled=false, locationContextEnabled=false, automationName=null, takesScreenshot=true, browserName=null, javascriptEnabled=true, deviceModel=SM-G955U, platformName=Android, deviceManufacturer=samsung, unexpectedAlertBehaviour=true}]Session ID: 4a9a06a2-5d40-47dd-93a2-eed17fcbec88*** Element info: {Using=id, value=com.ba.mobile:id/button1}at org.openqa.selenium.remote.ErrorHandler.createThrowable(ErrorHandler.java:206)at org.openqa.selenium.remote.ErrorHandler.throwIfResponseFailed(ErrorHandler.java:158)at org.openqa.selenium.remote.RemoteWebDriver.execute(RemoteWebDriver.java:678)at io.appium.java_client.DefaultGenericMobileDriver.execute(DefaultGenericMobileDriver.java:40)at io.appium.java_client.AppiumDriver.execute(AppiumDriver.java:1)at io.appium.java_client.android.AndroidDriver.execute(AndroidDriver.java:1)at org.openqa.selenium.remote.RemoteWebDriver.findElement(RemoteWebDriver.java:363)at io.appium.java_client.DefaultGenericMobileDriver.findElement(DefaultGenericMobileDriver.java:56)at io.appium.java_client.AppiumDriver.findElement(AppiumDriver.java:1)at io.appium.java_client.android.AndroidDriver.findElement(AndroidDriver.java:1)at org.openqa.selenium.remote.RemoteWebDriver.findElementById(RemoteWebDriver.java:413)at io.appium.java_client.DefaultGenericMobileDriver.findElementById(DefaultGenericMobileDriver.java:64)at io.appium.java_client.AppiumDriver.findElementById(AppiumDriver.java:1)at io.appium.java_client.android.AndroidDriver.findElementById(AndroidDriver.java:1)at org.openqa.selenium.By$ById.findElement(By.java:218)at org.openqa.selenium.remote.RemoteWebDriver.findElement(RemoteWebDriver.java:355)at io.appium.java_client.DefaultGenericMobileDriver.findElement(DefaultGenericMobileDriver.java:52)at io.appium.java_client.AppiumDriver.findElement(AppiumDriver.java:1)at io.appium.java_client.android.AndroidDriver.findElement(AndroidDriver.java:1)at org.openqa.selenium.support.ui.ExpectedConditions.findElement(ExpectedConditions.java:899)at org.openqa.selenium.support.ui.ExpectedConditions.access$000(ExpectedConditions.java:41)at org.openqa.selenium.support.ui.ExpectedConditions$7.apply(ExpectedConditions.java:205)at org.openqa.selenium.support.ui.ExpectedConditions$7.apply(ExpectedConditions.java:201)at org.openqa.selenium.support.ui.ExpectedConditions$22.apply(ExpectedConditions.java:653)at org.openqa.selenium.support.ui.ExpectedConditions$22.apply(ExpectedConditions.java:646)at org.openqa.selenium.support.ui.FluentWait.until(FluentWait.java:238)... 28 more... Removed 29 stack frames]]>
    </failure>
  </testcase> <!-- oneAdultOneWay -->
</testsuite> <!-- Test -->
